# JRE version: OpenJDK Runtime Environment Temurin-17.0.5+8 (17.0.5+8) (build 17.0.5+8)
# Java VM: OpenJDK 64-Bit Server VM Temurin-17.0.5+8 (17.0.5+8, mixed mode, emulated-client, tiered, compressed oops, compressed class ptrs, g1 gc, windows-amd64)
GC Precious Log:
 CPUs: 4 total, 4 available
 Memory: 6024M
 Large Page Support: Disabled
 NUMA Support: Disabled
 Compressed Oops: Enabled (32-bit)
 Heap Region Size: 1M
 Heap Min Capacity: 8M
 Heap Initial Capacity: 96M
 Heap Max Capacity: 1508M
 Pre-touch: Disabled
 Parallel Workers: 4
 Concurrent Workers: 1
 Concurrent Refinement Workers: 4
 Periodic GC: Disabled
Heap:
 garbage-first heap   total 516096K, used 412167K [0x00000000a1c00000, 0x0000000100000000)
  region size 1024K, 305 young (312320K), 27 survivors (27648K)
 Metaspace       used 56706K, committed 57152K, reserved 1105920K
  class space    used 7155K, committed 7360K, reserved 1048576K
GC Heap History (20 events):
Event: 58.370 GC heap after
{Heap after GC invocations=24 (full 0):
 garbage-first heap   total 104448K, used 55860K [0x00000000a1c00000, 0x0000000100000000)
  region size 1024K, 2 young (2048K), 2 survivors (2048K)
 Metaspace       used 39449K, committed 39808K, reserved 1089536K
  class space    used 4982K, committed 5120K, reserved 1048576K
}
Event: 58.846 GC heap before
{Heap before GC invocations=25 (full 0):
 garbage-first heap   total 114688K, used 74292K [0x00000000a1c00000, 0x0000000100000000)
  region size 1024K, 19 young (19456K), 2 survivors (2048K)
 Metaspace       used 39628K, committed 40000K, reserved 1089536K
  class space    used 5020K, committed 5184K, reserved 1048576K
}
Event: 58.864 GC heap after
{Heap after GC invocations=26 (full 0):
 garbage-first heap   total 114688K, used 66431K [0x00000000a1c00000, 0x0000000100000000)
  region size 1024K, 3 young (3072K), 3 survivors (3072K)
 Metaspace       used 39628K, committed 40000K, reserved 1089536K
  class space    used 5020K, committed 5184K, reserved 1048576K
}
Event: 58.898 GC heap before
{Heap before GC invocations=26 (full 0):
 garbage-first heap   total 114688K, used 68479K [0x00000000a1c00000, 0x0000000100000000)
  region size 1024K, 5 young (5120K), 3 survivors (3072K)
 Metaspace       used 39682K, committed 40064K, reserved 1089536K
  class space    used 5026K, committed 5184K, reserved 1048576K
}
Event: 58.917 GC heap after
{Heap after GC invocations=27 (full 0):
 garbage-first heap   total 258048K, used 67129K [0x00000000a1c00000, 0x0000000100000000)
  region size 1024K, 1 young (1024K), 1 survivors (1024K)
 Metaspace       used 39682K, committed 40064K, reserved 1089536K
  class space    used 5026K, committed 5184K, reserved 1048576K
}
Event: 59.802 GC heap before
{Heap before GC invocations=27 (full 0):
 garbage-first heap   total 258048K, used 142905K [0x00000000a1c00000, 0x0000000100000000)
  region size 1024K, 75 young (76800K), 1 survivors (1024K)
 Metaspace       used 42465K, committed 42816K, reserved 1089536K
  class space    used 5303K, committed 5440K, reserved 1048576K
}
Event: 59.882 GC heap after
{Heap after GC invocations=28 (full 0):
 garbage-first heap   total 258048K, used 78719K [0x00000000a1c00000, 0x0000000100000000)
  region size 1024K, 10 young (10240K), 10 survivors (10240K)
 Metaspace       used 42465K, committed 42816K, reserved 1089536K
  class space    used 5303K, committed 5440K, reserved 1048576K
}
Event: 60.217 GC heap before
{Heap before GC invocations=28 (full 0):
 garbage-first heap   total 258048K, used 154495K [0x00000000a1c00000, 0x0000000100000000)
  region size 1024K, 85 young (87040K), 10 survivors (10240K)
 Metaspace       used 43847K, committed 44288K, reserved 1089536K
  class space    used 5465K, committed 5696K, reserved 1048576K
}
Event: 60.243 GC heap after
{Heap after GC invocations=29 (full 0):
 garbage-first heap   total 258048K, used 83186K [0x00000000a1c00000, 0x0000000100000000)
  region size 1024K, 5 young (5120K), 5 survivors (5120K)
 Metaspace       used 43847K, committed 44288K, reserved 1089536K
  class space    used 5465K, committed 5696K, reserved 1048576K
}
Event: 60.640 GC heap before
{Heap before GC invocations=29 (full 0):
 garbage-first heap   total 258048K, used 170226K [0x00000000a1c00000, 0x0000000100000000)
  region size 1024K, 91 young (93184K), 5 survivors (5120K)
 Metaspace       used 45500K, committed 45888K, reserved 1089536K
  class space    used 5724K, committed 5888K, reserved 1048576K
}
Event: 60.654 GC heap after
{Heap after GC invocations=30 (full 0):
 garbage-first heap   total 258048K, used 86342K [0x00000000a1c00000, 0x0000000100000000)
  region size 1024K, 8 young (8192K), 8 survivors (8192K)
 Metaspace       used 45500K, committed 45888K, reserved 1089536K
  class space    used 5724K, committed 5888K, reserved 1048576K
}
Event: 61.054 GC heap before
{Heap before GC invocations=30 (full 0):
 garbage-first heap   total 258048K, used 182598K [0x00000000a1c00000, 0x0000000100000000)
  region size 1024K, 103 young (105472K), 8 survivors (8192K)
 Metaspace       used 47251K, committed 47680K, reserved 1097728K
  class space    used 5948K, committed 6144K, reserved 1048576K
}
Event: 61.073 GC heap after
{Heap after GC invocations=31 (full 0):
 garbage-first heap   total 516096K, used 90133K [0x00000000a1c00000, 0x0000000100000000)
  region size 1024K, 8 young (8192K), 8 survivors (8192K)
 Metaspace       used 47251K, committed 47680K, reserved 1097728K
  class space    used 5948K, committed 6144K, reserved 1048576K
}
Event: 62.934 GC heap before
{Heap before GC invocations=31 (full 0):
 garbage-first heap   total 516096K, used 390165K [0x00000000a1c00000, 0x0000000100000000)
  region size 1024K, 302 young (309248K), 8 survivors (8192K)
 Metaspace       used 52714K, committed 53184K, reserved 1097728K
  class space    used 6688K, committed 6912K, reserved 1048576K
}
Event: 62.960 GC heap after
{Heap after GC invocations=32 (full 0):
 garbage-first heap   total 516096K, used 104198K [0x00000000a1c00000, 0x0000000100000000)
  region size 1024K, 22 young (22528K), 22 survivors (22528K)
 Metaspace       used 52714K, committed 53184K, reserved 1097728K
  class space    used 6688K, committed 6912K, reserved 1048576K
}
Event: 64.903 GC heap before
{Heap before GC invocations=32 (full 0):
 garbage-first heap   total 516096K, used 389894K [0x00000000a1c00000, 0x0000000100000000)
  region size 1024K, 302 young (309248K), 22 survivors (22528K)
 Metaspace       used 56264K, committed 56640K, reserved 1105920K
  class space    used 7072K, committed 7232K, reserved 1048576K
}
Event: 64.944 GC heap after
{Heap after GC invocations=33 (full 0):
 garbage-first heap   total 516096K, used 117119K [0x00000000a1c00000, 0x0000000100000000)
  region size 1024K, 31 young (31744K), 31 survivors (31744K)
 Metaspace       used 56264K, committed 56640K, reserved 1105920K
  class space    used 7072K, committed 7232K, reserved 1048576K
}
Event: 65.849 GC heap before
{Heap before GC invocations=33 (full 0):
 garbage-first heap   total 516096K, used 393599K [0x00000000a1c00000, 0x0000000100000000)
  region size 1024K, 302 young (309248K), 31 survivors (31744K)
 Metaspace       used 56481K, committed 56896K, reserved 1105920K
  class space    used 7118K, committed 7296K, reserved 1048576K
}
Event: 65.893 GC heap after
{Heap after GC invocations=34 (full 0):
 garbage-first heap   total 516096K, used 127495K [0x00000000a1c00000, 0x0000000100000000)
  region size 1024K, 24 young (24576K), 24 survivors (24576K)
 Metaspace       used 56481K, committed 56896K, reserved 1105920K
  class space    used 7118K, committed 7296K, reserved 1048576K
}
Event: 66.965 GC heap before
{Heap before GC invocations=34 (full 0):
 garbage-first heap   total 516096K, used 411143K [0x00000000a1c00000, 0x0000000100000000)
  region size 1024K, 302 young (309248K), 24 survivors (24576K)
 Metaspace       used 56706K, committed 57152K, reserved 1105920K
  class space    used 7155K, committed 7360K, reserved 1048576K
}

